======================================================================
 ENZYME GCN CLASSIFIER - TRAINING
======================================================================

Using device: cpu

======================================================================
Loading ENZYMES dataset...
Dataset: ENZYMES(600)
Number of graphs: 600
Number of features: 21
Number of classes: 6

Train set: 480 graphs
Test set: 480 graphs

======================================================================
INITIALIZING MODEL
======================================================================

EnzymeGCN(
  (conv1): GCNConv(21, 64)
  (conv2): GCNConv(64, 64)
  (lin): Linear(in_features=64, out_features=6, bias=True)
)

Total trainable parameters: 5,958

======================================================================
TRAINING START
======================================================================

Configuration:
  Epochs: 200
  Batch size: 32
  Learning rate: 0.01
  Hidden channels: 64
  Dropout: 0.5

Epoch    Train Loss   Train Acc    Test Loss    Test Acc     Time    
----------------------------------------------------------------------
1        2.4288       0.2771       1.7552       0.2771       0.55    s
10       1.7038       0.2646       1.7079       0.2458       0.44    s
20       1.6817       0.2562       1.7219       0.2292       0.37    s
30       1.6245       0.3042       1.6488       0.2750       0.46    s
40       1.6185       0.3375       1.6205       0.3125       0.39    s
50       1.6180       0.3125       1.6524       0.2917       0.39    s
60       1.5567       0.3208       1.6013       0.3063       0.32    s
70       1.5335       0.3979       1.5485       0.3625       0.37    s
80       1.5108       0.4021       1.5310       0.3708       0.31    s
90       1.5040       0.4042       1.5231       0.3625       0.36    s
100      1.5491       0.4208       1.5279       0.3875       0.37    s
110      1.5080       0.4396       1.4967       0.4042       0.36    s
120      1.4830       0.4625       1.4626       0.4292       0.35    s
130      1.4859       0.4292       1.4521       0.3833       0.46    s
140      1.4417       0.4458       1.4448       0.4333       0.47    s
150      1.4555       0.4417       1.4299       0.4062       0.43    s
160      1.4019       0.5042       1.3928       0.4688       0.33    s
170      1.4184       0.4771       1.4031       0.4354       0.41    s
180      1.3595       0.5312       1.3733       0.4979       0.34    s
190      1.3571       0.5250       1.3234       0.4896       0.43    s
200      1.2972       0.5188       1.2912       0.4813       0.43    s
----------------------------------------------------------------------

Training completed in 76.25 seconds (1.27 minutes)
Best test accuracy: 0.5271 (52.71%)

======================================================================
FINAL EVALUATION ON TEST SET
======================================================================

Test Loss: 1.2912
Test Accuracy: 0.4813 (48.12%)

============================================================
CLASSIFICATION REPORT
============================================================
              precision    recall  f1-score   support

         EC1       0.54      0.36      0.43        87
         EC2       0.46      0.47      0.47        80
         EC3       0.67      0.53      0.60        73
         EC4       0.40      0.67      0.50        82
         EC5       0.55      0.38      0.44        80
         EC6       0.41      0.49      0.45        78

    accuracy                           0.48       480
   macro avg       0.51      0.48      0.48       480
weighted avg       0.51      0.48      0.48       480


======================================================================
SAVING RESULTS
======================================================================
Training curves saved to results/training_curves.png
Confusion matrix saved to results/confusion_matrix.png

Model saved to results\best_model.pth
Training history saved to results\training_history.npz

======================================================================
SUMMARY
======================================================================
Dataset: ENZYMES (600 protein graphs, 6 classes)
Model: GCN with 5,958 parameters
Training time: 76.25 seconds
Best test accuracy: 52.71%

Results saved in './results/' directory:
  - best_model.pth (trained model)
  - training_history.npz (loss/accuracy curves)
  - training_curves.png (visualization)
  - confusion_matrix.png (classification performance)
======================================================================

Training complete! Check the results directory for outputs.
